<?xml version="1.0" encoding="UTF-8"?>
<!-- Generated by org.testng.reporters.JUnitXMLReporter -->
<testsuite ignored="0" hostname="Tom" failures="0" tests="3" name="Default test" time="0.574" errors="0" timestamp="2024-05-27T02:50:17 IST">
  <testcase classname="DataDrivenPractise_With_DataProvider.dataPRoviderExample" name="TestDD" time="0.006"/>
  <testcase classname="DataDrivenPractise_With_DataProvider.dataPRoviderExample" name="TestDD" time="0.001"/>
  <testcase classname="DataDrivenPractise_With_DataProvider.dataPRoviderExample" name="TestDD" time="0.001"/>
</testsuite> <!-- Default test -->
