<?xml version="1.0" encoding="UTF-8"?>
<testng-results ignored="0" total="1" passed="1" failed="0" skipped="0">
  <reporter-output>
  </reporter-output>
  <suite started-at="2024-05-26T23:45:08 IST" name="Default suite" finished-at="2024-05-26T23:45:09 IST" duration-ms="821">
    <groups>
    </groups>
    <test started-at="2024-05-26T23:45:08 IST" name="Default test" finished-at="2024-05-26T23:45:09 IST" duration-ms="821">
      <class name="DataDrivenPractise.SampleTest">
        <test-method signature="test()[pri:0, instance:DataDrivenPractise.SampleTest@2abf4075]" started-at="2024-05-26T23:45:08 IST" name="test" finished-at="2024-05-26T23:45:09 IST" duration-ms="782" status="PASS">
          <reporter-output>
          </reporter-output>
        </test-method> <!-- test -->
      </class> <!-- DataDrivenPractise.SampleTest -->
    </test> <!-- Default test -->
  </suite> <!-- Default suite -->
</testng-results>
