<?xml version="1.0" encoding="UTF-8"?>
<testng-results ignored="0" total="3" passed="3" failed="0" skipped="0">
  <reporter-output>
  </reporter-output>
  <suite started-at="2024-05-27T02:50:17 IST" name="Default suite" finished-at="2024-05-27T02:50:17 IST" duration-ms="574">
    <groups>
    </groups>
    <test started-at="2024-05-27T02:50:17 IST" name="Default test" finished-at="2024-05-27T02:50:17 IST" duration-ms="574">
      <class name="DataDrivenPractise_With_DataProvider.dataPRoviderExample">
        <test-method signature="TestDD(java.lang.String,java.lang.String,java.lang.String)[pri:0, instance:DataDrivenPractise_With_DataProvider.dataPRoviderExample@563f38c4]" started-at="2024-05-27T02:50:17 IST" name="TestDD" data-provider="getData" finished-at="2024-05-27T02:50:17 IST" duration-ms="6" status="PASS">
          <params>
            <param index="0">
              <value>
                <![CDATA[Hello]]>
              </value>
            </param>
            <param index="1">
              <value>
                <![CDATA[Text]]>
              </value>
            </param>
            <param index="2">
              <value>
                <![CDATA[1]]>
              </value>
            </param>
          </params>
          <reporter-output>
          </reporter-output>
        </test-method> <!-- TestDD -->
        <test-method signature="TestDD(java.lang.String,java.lang.String,java.lang.String)[pri:0, instance:DataDrivenPractise_With_DataProvider.dataPRoviderExample@563f38c4]" started-at="2024-05-27T02:50:17 IST" name="TestDD" data-provider="getData" finished-at="2024-05-27T02:50:17 IST" duration-ms="1" status="PASS">
          <params>
            <param index="0">
              <value>
                <![CDATA[Hi]]>
              </value>
            </param>
            <param index="1">
              <value>
                <![CDATA[How are u]]>
              </value>
            </param>
            <param index="2">
              <value>
                <![CDATA[2]]>
              </value>
            </param>
          </params>
          <reporter-output>
          </reporter-output>
        </test-method> <!-- TestDD -->
        <test-method signature="TestDD(java.lang.String,java.lang.String,java.lang.String)[pri:0, instance:DataDrivenPractise_With_DataProvider.dataPRoviderExample@563f38c4]" started-at="2024-05-27T02:50:17 IST" name="TestDD" data-provider="getData" finished-at="2024-05-27T02:50:17 IST" duration-ms="1" status="PASS">
          <params>
            <param index="0">
              <value>
                <![CDATA[Bye]]>
              </value>
            </param>
            <param index="1">
              <value>
                <![CDATA[See u]]>
              </value>
            </param>
            <param index="2">
              <value>
                <![CDATA[3]]>
              </value>
            </param>
          </params>
          <reporter-output>
          </reporter-output>
        </test-method> <!-- TestDD -->
      </class> <!-- DataDrivenPractise_With_DataProvider.dataPRoviderExample -->
    </test> <!-- Default test -->
  </suite> <!-- Default suite -->
</testng-results>
